<?xml version="1.0" encoding="UTF-8"?>
<testng-results skipped="0" failed="0" ignored="0" total="1" passed="1">
  <reporter-output>
  </reporter-output>
  <suite name="Default suite" duration-ms="19443" started-at="2021-11-08T05:32:42 WAT" finished-at="2021-11-08T05:33:01 WAT">
    <groups>
    </groups>
    <test name="Default test" duration-ms="19443" started-at="2021-11-08T05:32:42 WAT" finished-at="2021-11-08T05:33:01 WAT">
      <class name="com.fbistech.testcases.Privacy_PolicyPageTest">
        <test-method status="PASS" signature="setUp()[pri:0, instance:com.fbistech.testcases.Privacy_PolicyPageTest@66d1af89]" name="setUp" is-config="true" duration-ms="7966" started-at="2021-11-08T05:32:42 WAT" finished-at="2021-11-08T05:32:50 WAT">
          <reporter-output>
          </reporter-output>
        </test-method> <!-- setUp -->
        <test-method status="PASS" signature="verifyUserCanClickSchools_OrganizationsPageLink()[pri:1, instance:com.fbistech.testcases.Privacy_PolicyPageTest@66d1af89]" name="verifyUserCanClickSchools_OrganizationsPageLink" duration-ms="5227" started-at="2021-11-08T05:32:50 WAT" finished-at="2021-11-08T05:32:55 WAT">
          <reporter-output>
          </reporter-output>
        </test-method> <!-- verifyUserCanClickSchools_OrganizationsPageLink -->
        <test-method status="PASS" signature="tearDown()[pri:0, instance:com.fbistech.testcases.Privacy_PolicyPageTest@66d1af89]" name="tearDown" is-config="true" duration-ms="6200" started-at="2021-11-08T05:32:55 WAT" finished-at="2021-11-08T05:33:01 WAT">
          <reporter-output>
          </reporter-output>
        </test-method> <!-- tearDown -->
      </class> <!-- com.fbistech.testcases.Privacy_PolicyPageTest -->
    </test> <!-- Default test -->
  </suite> <!-- Default suite -->
</testng-results>
